#
# There is insufficient memory for the Java Runtime Environment to continue.
# Native memory allocation (malloc) failed to allocate 1048576 bytes for AllocateHeap
# Possible reasons:
#   The system is out of physical RAM or swap space
#   The process is running with CompressedOops enabled, and the Java Heap may be blocking the growth of the native heap
# Possible solutions:
#   Reduce memory load on the system
#   Increase physical memory or swap space
#   Check if swap backing store is full
#   Decrease Java heap size (-Xmx/-Xms)
#   Decrease number of Java threads
#   Decrease Java thread stack sizes (-Xss)
#   Set larger code cache with -XX:ReservedCodeCacheSize=
#   JVM is running with Zero Based Compressed Oops mode in which the Java heap is
#     placed in the first 32GB address space. The Java Heap base address is the
#     maximum limit for the native heap growth. Please use -XX:HeapBaseMinAddress
#     to set the Java Heap base and to place the Java Heap above 32GB virtual address.
# This output file may be truncated or incomplete.
#
#  Out of Memory Error (memory/allocation.inline.hpp:61), pid=35760, tid=0x000000000000e6cc
#
# JRE version:  (8.0_312-b07) (build )
# Java VM: OpenJDK 64-Bit Server VM (25.312-b07 mixed mode windows-amd64 compressed oops)
# Failed to write core dump. Minidumps are not enabled by default on client versions of Windows
#

---------------  T H R E A D  ---------------

Current thread (0x00000119a76dc800):  JavaThread "Unknown thread" [_thread_in_vm, id=59084, stack(0x0000001332300000,0x0000001332400000)]

Stack: [0x0000001332300000,0x0000001332400000]
[error occurred during error reporting (printing stack bounds), id 0xc0000005]

Native frames: (J=compiled Java code, j=interpreted, Vv=VM code, C=native code)


---------------  P R O C E S S  ---------------

Java Threads: ( => current thread )

Other Threads:

=>0x00000119a76dc800 (exited) JavaThread "Unknown thread" [_thread_in_vm, id=59084, stack(0x0000001332300000,0x0000001332400000)]

VM state:not at safepoint (normal execution)

VM Mutex/Monitor currently owned by a thread: None

heap address: 0x00000006ca000000, size: 3936 MB, Compressed Oops mode: Zero based, Oop shift amount: 3
Narrow klass base: 0x0000000000000000, Narrow klass shift: 3
Compressed class space size: 1073741824 Address: 0x00000007c0000000

Heap:
 PSYoungGen      total 73728K, used 1269K [0x000000076e000000, 0x0000000773200000, 0x00000007c0000000)
  eden space 63488K, 2% used [0x000000076e000000,0x000000076e13d718,0x0000000771e00000)
  from space 10240K, 0% used [0x0000000772800000,0x0000000772800000,0x0000000773200000)
  to   space 10240K, 0% used [0x0000000771e00000,0x0000000771e00000,0x0000000772800000)
 ParOldGen       total 167936K, used 0K [0x00000006ca000000, 0x00000006d4400000, 0x000000076e000000)
  object space 167936K, 0% used [0x00000006ca000000,0x00000006ca000000,0x00000006d4400000)
 Metaspace       used 781K, capacity 4480K, committed 4480K, reserved 1056768K
  class space    used 76K, capacity 384K, committed 384K, reserved 1048576K

Card table byte_map: [0x00000119b8700000,0x00000119b8ec0000] byte_map_base: 0x00000119b50b0000

Marking Bits: (ParMarkBitMap*) 0x0000000077f81860
 Begin Bits: [0x00000119b93e0000, 0x00000119bd160000)
 End Bits:   [0x00000119bd160000, 0x00000119c0ee0000)

Polling page: 0x00000119a77a0000

CodeCache: size=245760Kb used=327Kb max_used=327Kb free=245432Kb
 bounds [0x00000119a9340000, 0x00000119a95b0000, 0x00000119b8340000]
 total_blobs=56 nmethods=0 adapters=38
 compilation: enabled

Compilation events (0 events):
No events

GC Heap History (0 events):
No events

Deoptimization events (0 events):
No events

Classes redefined (0 events):
No events

Internal exceptions (0 events):
No events

Events (10 events):
Event: 0.028 loading class java/lang/Short
Event: 0.028 loading class java/lang/Short done
Event: 0.028 loading class java/lang/Integer
Event: 0.028 loading class java/lang/Integer done
Event: 0.028 loading class java/lang/Long
Event: 0.029 loading class java/lang/Long done
Event: 0.029 loading class java/lang/NullPointerException
Event: 0.029 loading class java/lang/NullPointerException done
Event: 0.029 loading class java/lang/ArithmeticException
Event: 0.029 loading class java/lang/ArithmeticException done


Dynamic libraries:
0x00007ff683ce0000 - 0x00007ff683d1a000 	C:\Users\xiaozhao\.jdks\corretto-1.8.0_312\bin\java.exe
0x00007ffc79450000 - 0x00007ffc79664000 	C:\WINDOWS\SYSTEM32\ntdll.dll
0x00007ffc78420000 - 0x00007ffc784e3000 	C:\WINDOWS\System32\KERNEL32.DLL
0x00007ffc76bd0000 - 0x00007ffc76f6d000 	C:\WINDOWS\System32\KERNELBASE.dll
0x00007ffc77e50000 - 0x00007ffc77efe000 	C:\WINDOWS\System32\ADVAPI32.dll
0x00007ffc78360000 - 0x00007ffc78407000 	C:\WINDOWS\System32\msvcrt.dll
0x00007ffc78580000 - 0x00007ffc78624000 	C:\WINDOWS\System32\sechost.dll
0x00007ffc78680000 - 0x00007ffc78795000 	C:\WINDOWS\System32\RPCRT4.dll
0x00007ffc790a0000 - 0x00007ffc7924d000 	C:\WINDOWS\System32\USER32.dll
0x00007ffc768f0000 - 0x00007ffc76916000 	C:\WINDOWS\System32\win32u.dll
0x00007ffc77290000 - 0x00007ffc772b9000 	C:\WINDOWS\System32\GDI32.dll
0x00007ffc76920000 - 0x00007ffc76a32000 	C:\WINDOWS\System32\gdi32full.dll
0x00007ffc771a0000 - 0x00007ffc7723a000 	C:\WINDOWS\System32\msvcp_win.dll
0x00007ffc76a40000 - 0x00007ffc76b51000 	C:\WINDOWS\System32\ucrtbase.dll
0x00007ffc67c70000 - 0x00007ffc67efe000 	C:\WINDOWS\WinSxS\amd64_microsoft.windows.common-controls_6595b64144ccf1df_6.0.22621.608_none_a9444ca7c10bb01d\COMCTL32.dll
0x00007ffc78630000 - 0x00007ffc78662000 	C:\WINDOWS\System32\IMM32.DLL
0x00007ffc345f0000 - 0x00007ffc346df000 	C:\Users\xiaozhao\.jdks\corretto-1.8.0_312\jre\bin\msvcr120.dll
0x00007ffc385a0000 - 0x00007ffc38646000 	C:\Users\xiaozhao\.jdks\corretto-1.8.0_312\jre\bin\msvcp120.dll
0x0000000077790000 - 0x0000000078000000 	C:\Users\xiaozhao\.jdks\corretto-1.8.0_312\jre\bin\server\jvm.dll
0x00007ffc78670000 - 0x00007ffc78678000 	C:\WINDOWS\System32\PSAPI.DLL
0x00007ffc5cd30000 - 0x00007ffc5cd39000 	C:\WINDOWS\SYSTEM32\WSOCK32.dll
0x00007ffc6efb0000 - 0x00007ffc6efba000 	C:\WINDOWS\SYSTEM32\VERSION.dll
0x00007ffc6f2a0000 - 0x00007ffc6f2d4000 	C:\WINDOWS\SYSTEM32\WINMM.dll
0x00007ffc77db0000 - 0x00007ffc77e21000 	C:\WINDOWS\System32\WS2_32.dll
0x00007ffc70390000 - 0x00007ffc7039f000 	C:\Users\xiaozhao\.jdks\corretto-1.8.0_312\jre\bin\verify.dll
0x00007ffc61ae0000 - 0x00007ffc61b09000 	C:\Users\xiaozhao\.jdks\corretto-1.8.0_312\jre\bin\java.dll
0x00007ffc5e950000 - 0x00007ffc5e97a000 	C:\Users\xiaozhao\.jdks\corretto-1.8.0_312\jre\bin\instrument.dll
0x00007ffc65750000 - 0x00007ffc65766000 	C:\Users\xiaozhao\.jdks\corretto-1.8.0_312\jre\bin\zip.dll

VM Arguments:
jvm_args: -XX:TieredStopAtLevel=1 -Xverify:none -Dspring.output.ansi.enabled=always -javaagent:E:\develop\IntelliJ IDEA 2021.2.2\lib\idea_rt.jar=62987:E:\develop\IntelliJ IDEA 2021.2.2\bin -Dcom.sun.management.jmxremote -Dspring.jmx.enabled=true -Dspring.liveBeansView.mbeanDomain -Dspring.application.admin.enabled=true -Dfile.encoding=UTF-8 
java_command: com.imooc.dianping.DianpingApplication
java_class_path (initial): C:\Users\xiaozhao\.jdks\corretto-1.8.0_312\jre\lib\charsets.jar;C:\Users\xiaozhao\.jdks\corretto-1.8.0_312\jre\lib\ext\access-bridge-64.jar;C:\Users\xiaozhao\.jdks\corretto-1.8.0_312\jre\lib\ext\cldrdata.jar;C:\Users\xiaozhao\.jdks\corretto-1.8.0_312\jre\lib\ext\dnsns.jar;C:\Users\xiaozhao\.jdks\corretto-1.8.0_312\jre\lib\ext\jaccess.jar;C:\Users\xiaozhao\.jdks\corretto-1.8.0_312\jre\lib\ext\jfxrt.jar;C:\Users\xiaozhao\.jdks\corretto-1.8.0_312\jre\lib\ext\localedata.jar;C:\Users\xiaozhao\.jdks\corretto-1.8.0_312\jre\lib\ext\nashorn.jar;C:\Users\xiaozhao\.jdks\corretto-1.8.0_312\jre\lib\ext\sunec.jar;C:\Users\xiaozhao\.jdks\corretto-1.8.0_312\jre\lib\ext\sunjce_provider.jar;C:\Users\xiaozhao\.jdks\corretto-1.8.0_312\jre\lib\ext\sunmscapi.jar;C:\Users\xiaozhao\.jdks\corretto-1.8.0_312\jre\lib\ext\sunpkcs11.jar;C:\Users\xiaozhao\.jdks\corretto-1.8.0_312\jre\lib\ext\zipfs.jar;C:\Users\xiaozhao\.jdks\corretto-1.8.0_312\jre\lib\jce.jar;C:\Users\xiaozhao\.jdks\corretto-1.8.0_312\jre\lib\jfr.jar;C:\Users\xiaozhao\.jdks\corretto-1.8.0_312\jre\lib\jfxswt.jar;C:\Users\xiaozhao\.jdks\corretto-1.8.0_312\jre\lib\jsse.jar;C:\Users\xiaozhao\.jdks\corretto-1.8.0_312\jre\lib\management-agent.jar;C:\Users\xiaozhao\.jdks\corretto-1.8.0_312\jre\lib\resources.jar;C:\Users\xiaozhao\.jdks\corretto-1.8.0_312\jre\lib\rt.jar;D:\User\Desktop\第十章-重回点评，搜索2.0架构之搜索接入【使用ES升级点评搜索应用】\dianping\target\classes;C:\Users\xiaozhao\.m2\repository\org\springframework\boot\spring-boot-starter\2.1.6.RELEASE\spring-boot-starter-2.1.6.RELEASE.jar;C:\Users\xiaozhao\.m2\repository\org\springframework\boot\spring-boot\2.1.6.RELEASE\spring-boot-2.1.6.RELEASE.jar;C:\Users\xiaozhao\.m2\repository\org\springframework\boot\spring-boot-autoconfigure\2.1.6.RELEASE\spring-boot-autoconfigure-2.1.6.RELEASE.jar;C:\Users\xiaozhao\.m2\repository\org\springframework\boot\spring-boot-starter-logging\2.1.6.RELEASE\spring-boot-starter-logging-2.1.6.RELEASE.jar;C:\Users\xiaoz
Launcher Type: SUN_STANDARD

Environment Variables:
JAVA_HOME=C:\Program Files\Java\jdk1.8.0_311
PATH=C:\Program Files (x86)\Common Files\Oracle\Java\javapath;D:\Program Files (x86)\VMware\VMware Workstation\bin\;C:\WINDOWS\system32;C:\WINDOWS;C:\WINDOWS\System32\Wbem;C:\WINDOWS\System32\WindowsPowerShell\v1.0\;C:\WINDOWS\System32\OpenSSH\;C:\Program Files\nodejs\;D:\MySQL\MySQL Server 5.5\bin;C:\Program Files (x86)\Microsoft SQL Server\150\DTS\Binn\;C:\Program Files\Azure Data Studio\bin;C:\Program Files\Microsoft SQL Server\Client SDK\ODBC\170\Tools\Binn\;C:\Program Files (x86)\Microsoft SQL Server\150\Tools\Binn\;C:\Program Files\Microsoft SQL Server\150\Tools\Binn\;C:\Program Files\Microsoft SQL Server\150\DTS\Binn\;d:\Program Files (x86)\Tencent\微信web开发者工具\dll;d:\;rogram Files\Git\cmd;D:\Program Files (x86)\Rational\common;D:\Program Files\Git\cmd;C:\Program Files\dotnet\;D:\Apache\Maven\bin;C:\Program Files\Java\jdk1.8.0_311\jre\bin;C:\Program Files\Java\jdk1.8.0_311\bin;C:\Program Files\VisualSVN Server\bin;C:\Program Files\TortoiseSVN\bin;D:\OpenCV\opencv\build\x64\vc14\bin;E:\项目\DesignModel\Adapter\src;C:\WINDOWS\system32;C:\WINDOWS;C:\WINDOWS\System32\Wbem;C:\WINDOWS\System32\WindowsPowerShell\v1.0\;C:\WINDOWS\System32\OpenSSH\;D:\下载\google\图片\;C:\Users\xiaozhao\AppData\Local\Programs\Python\Python39\Scripts\;C:\Users\xiaozhao\AppData\Local\Programs\Python\Python39\;C:\Users\xiaozhao\AppData\Local\Microsoft\WindowsApps;C:\Program Files\Bandizip\;E:\develop\JetBrains\IntelliJ IDEA\bin;;E:\develop\IntelliJ IDEA 2021.2.2\bin;;C:\Users\xiaozhao\AppData\Roaming\npm;C:\Program Files\Azure Data Studio\bin;E:\Users\xiaozhao\AppData\Local\Programs\Microsoft VS Code\bin;d:\Program Files\JetBrains\PyCharm 2021.2.3\bin;;C:\Users\xiaozhao\.dotnet\tools;
USERNAME=xiaozhao
OS=Windows_NT
PROCESSOR_IDENTIFIER=AMD64 Family 23 Model 96 Stepping 1, AuthenticAMD



---------------  S Y S T E M  ---------------

OS: Windows 10.0 , 64 bit Build 22621 (10.0.22621.1105)

CPU:total 12 (initial active 12) (12 cores per cpu, 1 threads per core) family 23 model 96 stepping 1, cmov, cx8, fxsr, mmx, sse, sse2, sse3, ssse3, sse4.1, sse4.2, popcnt, avx, avx2, aes, clmul, mmxext, 3dnowpref, lzcnt, sse4a, tsc, tscinvbit, tscinv, bmi1

Memory: 4k page, physical 16119108k(909944k free), swap 42235460k(5460k free)

vm_info: OpenJDK 64-Bit Server VM (25.312-b07) for windows-amd64 JRE (1.8.0_312-b07), built on Oct 14 2021 21:08:49 by "Administrator" with MS VC++ 12.0 (VS2013)

time: Fri Feb 10 13:30:23 2023
timezone: ?D1ú±ê×?ê±??
elapsed time: 0.036603 seconds (0d 0h 0m 0s)

