#
# There is insufficient memory for the Java Runtime Environment to continue.
# Native memory allocation (mmap) failed to map 257949696 bytes for Failed to commit area from 0x000000070a000000 to 0x0000000719600000 of length 257949696.
# Possible reasons:
#   The system is out of physical RAM or swap space
#   The process is running with CompressedOops enabled, and the Java Heap may be blocking the growth of the native heap
# Possible solutions:
#   Reduce memory load on the system
#   Increase physical memory or swap space
#   Check if swap backing store is full
#   Decrease Java heap size (-Xmx/-Xms)
#   Decrease number of Java threads
#   Decrease Java thread stack sizes (-Xss)
#   Set larger code cache with -XX:ReservedCodeCacheSize=
# This output file may be truncated or incomplete.
#
#  Out of Memory Error (./src/hotspot/os/windows/os_windows.cpp:3521), pid=86052, tid=82252
#
# JRE version:  (11.0.12+7) (build )
# Java VM: OpenJDK 64-Bit Server VM (11.0.12+7-b1504.28, mixed mode, sharing, tiered, compressed oops, g1 gc, windows-amd64)
# No core dump will be written. Minidumps are not enabled by default on client versions of Windows
#

---------------  S U M M A R Y ------------

Command Line: -Djava.rmi.server.hostname=127.0.0.1 -Duser.timezone=UTC -Dfile.encoding=UTF-8 com.intellij.database.remote.RemoteJdbcServer com.mysql.cj.jdbc.Driver

Host: AMD Ryzen 5 4600H with Radeon Graphics         , 12 cores, 15G,  Windows 10 , 64 bit Build 22621 (10.0.22621.1105)
Time: Sat Feb 11 15:20:29 2023 中国标准时间 elapsed time: 0.021499 seconds (0d 0h 0m 0s)

---------------  T H R E A D  ---------------

Current thread (0x00000200b8a9b800):  JavaThread "Unknown thread" [_thread_in_vm, id=82252, stack(0x00000037eae00000,0x00000037eaf00000)]

Stack: [0x00000037eae00000,0x00000037eaf00000]
Native frames: (J=compiled Java code, j=interpreted, Vv=VM code, C=native code)
V  [jvm.dll+0x5ff40a]
V  [jvm.dll+0x783b65]
V  [jvm.dll+0x78517d]
V  [jvm.dll+0x785833]
V  [jvm.dll+0x249408]
V  [jvm.dll+0x5fc7f4]
V  [jvm.dll+0x5f13c5]
V  [jvm.dll+0x3076bb]
V  [jvm.dll+0x30762a]
V  [jvm.dll+0x307502]
V  [jvm.dll+0x30c466]
V  [jvm.dll+0x355543]
V  [jvm.dll+0x355c46]
V  [jvm.dll+0x355643]
V  [jvm.dll+0x2e2018]
V  [jvm.dll+0x2e31c7]
V  [jvm.dll+0x761f57]
V  [jvm.dll+0x76374c]
V  [jvm.dll+0x362ab9]
V  [jvm.dll+0x7455be]
V  [jvm.dll+0x3cb673]
V  [jvm.dll+0x3cda21]
C  [jli.dll+0x536b]
C  [ucrtbase.dll+0x29363]
C  [KERNEL32.DLL+0x126bd]
C  [ntdll.dll+0x5dfb8]


---------------  P R O C E S S  ---------------

Threads class SMR info:
_java_thread_list=0x00000200b68a2b70, length=0, elements={
}

Java Threads: ( => current thread )

Other Threads:
  0x00000200b8ab3000 GCTaskThread "GC Thread#0" [stack: 0x00000037eaf00000,0x00000037eb000000] [id=98600]
  0x00000200b8b0f800 ConcurrentGCThread "G1 Main Marker" [stack: 0x00000037eb000000,0x00000037eb100000] [id=16408]
  0x00000200b8b13000 ConcurrentGCThread "G1 Conc#0" [stack: 0x00000037eb100000,0x00000037eb200000] [id=95760]

[error occurred during error reporting (printing all threads), id 0xc0000005, EXCEPTION_ACCESS_VIOLATION (0xc0000005) at pc=0x00007ffc1fef27a7]

VM state:not at safepoint (not fully initialized)

VM Mutex/Monitor currently owned by a thread:  ([mutex/lock_event])
[0x00000200b8a98e50] Heap_lock - owner thread: 0x00000200b8a9b800

Heap address: 0x000000070a000000, size: 3936 MB, Compressed Oops mode: Non-zero based: 0x000000070a000000
Narrow klass base: 0x0000000000000000, Narrow klass shift: 0

GC Heap History (0 events):
No events

Deoptimization events (0 events):
No events

Classes redefined (0 events):
No events

Internal exceptions (0 events):
No events

Events (1 events):
Event: 0.015 Loaded shared library E:\develop\IntelliJ IDEA 2021.2.2\jbr\bin\zip.dll


Dynamic libraries:
0x00007ff6ec080000 - 0x00007ff6ec08a000 	E:\develop\IntelliJ IDEA 2021.2.2\jbr\bin\java.exe
0x00007ffc79450000 - 0x00007ffc79664000 	C:\WINDOWS\SYSTEM32\ntdll.dll
0x00007ffc78420000 - 0x00007ffc784e3000 	C:\WINDOWS\System32\KERNEL32.DLL
0x00007ffc76bd0000 - 0x00007ffc76f6d000 	C:\WINDOWS\System32\KERNELBASE.dll
0x00007ffc76a40000 - 0x00007ffc76b51000 	C:\WINDOWS\System32\ucrtbase.dll
0x00007ffc70300000 - 0x00007ffc70319000 	E:\develop\IntelliJ IDEA 2021.2.2\jbr\bin\jli.dll
0x00007ffc5ec80000 - 0x00007ffc5ec97000 	E:\develop\IntelliJ IDEA 2021.2.2\jbr\bin\VCRUNTIME140.dll
0x00007ffc790a0000 - 0x00007ffc7924d000 	C:\WINDOWS\System32\USER32.dll
0x00007ffc768f0000 - 0x00007ffc76916000 	C:\WINDOWS\System32\win32u.dll
0x00007ffc67c70000 - 0x00007ffc67efe000 	C:\WINDOWS\WinSxS\amd64_microsoft.windows.common-controls_6595b64144ccf1df_6.0.22621.608_none_a9444ca7c10bb01d\COMCTL32.dll
0x00007ffc77290000 - 0x00007ffc772b9000 	C:\WINDOWS\System32\GDI32.dll
0x00007ffc76920000 - 0x00007ffc76a32000 	C:\WINDOWS\System32\gdi32full.dll
0x00007ffc78360000 - 0x00007ffc78407000 	C:\WINDOWS\System32\msvcrt.dll
0x00007ffc771a0000 - 0x00007ffc7723a000 	C:\WINDOWS\System32\msvcp_win.dll
0x00007ffc78630000 - 0x00007ffc78662000 	C:\WINDOWS\System32\IMM32.DLL
0x00007ffc23850000 - 0x00007ffc238ed000 	E:\develop\IntelliJ IDEA 2021.2.2\jbr\bin\msvcp140.dll
0x00007ffc1fc00000 - 0x00007ffc20758000 	E:\develop\IntelliJ IDEA 2021.2.2\jbr\bin\server\jvm.dll
0x00007ffc77e50000 - 0x00007ffc77efe000 	C:\WINDOWS\System32\ADVAPI32.dll
0x00007ffc78580000 - 0x00007ffc78624000 	C:\WINDOWS\System32\sechost.dll
0x00007ffc78680000 - 0x00007ffc78795000 	C:\WINDOWS\System32\RPCRT4.dll
0x00007ffc78670000 - 0x00007ffc78678000 	C:\WINDOWS\System32\PSAPI.DLL
0x00007ffc5cd30000 - 0x00007ffc5cd39000 	C:\WINDOWS\SYSTEM32\WSOCK32.dll
0x00007ffc6efb0000 - 0x00007ffc6efba000 	C:\WINDOWS\SYSTEM32\VERSION.dll
0x00007ffc6f2a0000 - 0x00007ffc6f2d4000 	C:\WINDOWS\SYSTEM32\WINMM.dll
0x00007ffc77db0000 - 0x00007ffc77e21000 	C:\WINDOWS\System32\WS2_32.dll
0x00007ffc75970000 - 0x00007ffc75988000 	C:\WINDOWS\SYSTEM32\kernel.appcore.dll
0x00007ffc703a0000 - 0x00007ffc703b1000 	E:\develop\IntelliJ IDEA 2021.2.2\jbr\bin\verify.dll
0x00007ffc6a1a0000 - 0x00007ffc6a3ce000 	C:\WINDOWS\SYSTEM32\DBGHELP.DLL
0x00007ffc772c0000 - 0x00007ffc7764a000 	C:\WINDOWS\System32\combase.dll
0x00007ffc77750000 - 0x00007ffc77827000 	C:\WINDOWS\System32\OLEAUT32.dll
0x00007ffc5c3b0000 - 0x00007ffc5c3e2000 	C:\WINDOWS\SYSTEM32\dbgcore.DLL
0x00007ffc76870000 - 0x00007ffc768eb000 	C:\WINDOWS\System32\bcryptPrimitives.dll
0x00007ffc6ff30000 - 0x00007ffc6ff59000 	E:\develop\IntelliJ IDEA 2021.2.2\jbr\bin\java.dll
0x00007ffc73bf0000 - 0x00007ffc73bfb000 	E:\develop\IntelliJ IDEA 2021.2.2\jbr\bin\jimage.dll
0x00007ffc6fe80000 - 0x00007ffc6fe98000 	E:\develop\IntelliJ IDEA 2021.2.2\jbr\bin\zip.dll

dbghelp: loaded successfully - version: 4.0.5 - missing functions: none
symbol engine: initialized successfully - sym options: 0x614 - pdb path: .;E:\develop\IntelliJ IDEA 2021.2.2\jbr\bin;C:\WINDOWS\SYSTEM32;C:\WINDOWS\WinSxS\amd64_microsoft.windows.common-controls_6595b64144ccf1df_6.0.22621.608_none_a9444ca7c10bb01d;E:\develop\IntelliJ IDEA 2021.2.2\jbr\bin\server

VM Arguments:
jvm_args: -Djava.rmi.server.hostname=127.0.0.1 -Duser.timezone=UTC -Dfile.encoding=UTF-8 
java_command: com.intellij.database.remote.RemoteJdbcServer com.mysql.cj.jdbc.Driver
java_class_path (initial): E:\develop\IntelliJ IDEA 2021.2.2\lib\util.jar;E:\develop\IntelliJ IDEA 2021.2.2\lib\groovy-2.5.14.jar;E:\develop\IntelliJ IDEA 2021.2.2\plugins\DatabaseTools\lib\jdbc-console.jar;C:\Users\xiaozhao\AppData\Roaming\JetBrains\IntelliJIdea2021.2\jdbc-drivers\MySQL ConnectorJ\8.0.25\mysql-connector-java-8.0.25.jar
Launcher Type: SUN_STANDARD

[Global flags]
     intx CICompilerCount                          = 4                                         {product} {ergonomic}
     uint ConcGCThreads                            = 3                                         {product} {ergonomic}
     uint G1ConcRefinementThreads                  = 10                                        {product} {ergonomic}
   size_t G1HeapRegionSize                         = 1048576                                   {product} {ergonomic}
    uintx GCDrainStackTargetSize                   = 64                                        {product} {ergonomic}
   size_t InitialHeapSize                          = 257949696                                 {product} {ergonomic}
   size_t MarkStackSize                            = 4194304                                   {product} {ergonomic}
   size_t MaxHeapSize                              = 4127195136                                {product} {ergonomic}
   size_t MinHeapDeltaBytes                        = 1048576                                   {product} {ergonomic}
    uintx NonNMethodCodeHeapSize                   = 5836300                                {pd product} {ergonomic}
    uintx NonProfiledCodeHeapSize                  = 122910970                              {pd product} {ergonomic}
    uintx ProfiledCodeHeapSize                     = 122910970                              {pd product} {ergonomic}
    uintx ReservedCodeCacheSize                    = 251658240                              {pd product} {ergonomic}
     bool SegmentedCodeCache                       = true                                      {product} {ergonomic}
     bool UseCompressedClassPointers               = true                                 {lp64_product} {ergonomic}
     bool UseCompressedOops                        = true                                 {lp64_product} {ergonomic}
     bool UseG1GC                                  = true                                      {product} {ergonomic}
     bool UseLargePagesIndividualAllocation        = false                                  {pd product} {ergonomic}

Logging:
Log output configuration:
 #0: stdout all=warning uptime,level,tags
 #1: stderr all=off uptime,level,tags

Environment Variables:
JAVA_HOME=C:\Program Files\Java\jdk1.8.0_311
PATH=C:\Program Files (x86)\Common Files\Oracle\Java\javapath;D:\Program Files (x86)\VMware\VMware Workstation\bin\;C:\WINDOWS\system32;C:\WINDOWS;C:\WINDOWS\System32\Wbem;C:\WINDOWS\System32\WindowsPowerShell\v1.0\;C:\WINDOWS\System32\OpenSSH\;C:\Program Files\nodejs\;D:\MySQL\MySQL Server 5.5\bin;C:\Program Files (x86)\Microsoft SQL Server\150\DTS\Binn\;C:\Program Files\Azure Data Studio\bin;C:\Program Files\Microsoft SQL Server\Client SDK\ODBC\170\Tools\Binn\;C:\Program Files (x86)\Microsoft SQL Server\150\Tools\Binn\;C:\Program Files\Microsoft SQL Server\150\Tools\Binn\;C:\Program Files\Microsoft SQL Server\150\DTS\Binn\;d:\Program Files (x86)\Tencent\微信web开发者工具\dll;d:\;rogram Files\Git\cmd;D:\Program Files (x86)\Rational\common;D:\Program Files\Git\cmd;C:\Program Files\dotnet\;D:\Apache\Maven\bin;C:\Program Files\Java\jdk1.8.0_311\jre\bin;C:\Program Files\Java\jdk1.8.0_311\bin;C:\Program Files\VisualSVN Server\bin;C:\Program Files\TortoiseSVN\bin;D:\OpenCV\opencv\build\x64\vc14\bin;E:\项目\DesignModel\Adapter\src;C:\WINDOWS\system32;C:\WINDOWS;C:\WINDOWS\System32\Wbem;C:\WINDOWS\System32\WindowsPowerShell\v1.0\;C:\WINDOWS\System32\OpenSSH\;D:\下载\google\图片\;C:\Users\xiaozhao\AppData\Local\Programs\Python\Python39\Scripts\;C:\Users\xiaozhao\AppData\Local\Programs\Python\Python39\;C:\Users\xiaozhao\AppData\Local\Microsoft\WindowsApps;C:\Program Files\Bandizip\;E:\develop\JetBrains\IntelliJ IDEA\bin;;E:\develop\IntelliJ IDEA 2021.2.2\bin;;C:\Users\xiaozhao\AppData\Roaming\npm;C:\Program Files\Azure Data Studio\bin;E:\Users\xiaozhao\AppData\Local\Programs\Microsoft VS Code\bin;d:\Program Files\JetBrains\PyCharm 2021.2.3\bin;;C:\Users\xiaozhao\.dotnet\tools;
USERNAME=xiaozhao
OS=Windows_NT
PROCESSOR_IDENTIFIER=AMD64 Family 23 Model 96 Stepping 1, AuthenticAMD



---------------  S Y S T E M  ---------------

OS: Windows 10 , 64 bit Build 22621 (10.0.22621.1105)
OS uptime: 16 days 4:43 hours
Hyper-V role detected

CPU:total 12 (initial active 12) (12 cores per cpu, 2 threads per core) family 23 model 96 stepping 1 microcode 0x0, cmov, cx8, fxsr, mmx, sse, sse2, sse3, ssse3, sse4.1, sse4.2, popcnt, avx, avx2, aes, clmul, mmxext, 3dnowpref, lzcnt, sse4a, ht, tsc, tscinvbit, tscinv, bmi1, bmi2, adx, sha, fma

Memory: 4k page, system-wide physical 15741M (1960M free)
TotalPageFile size 41245M (AvailPageFile size 227M)
current process WorkingSet (physical memory assigned to process): 11M, peak: 11M
current process commit charge ("private bytes"): 64M, peak: 310M

vm_info: OpenJDK 64-Bit Server VM (11.0.12+7-b1504.28) for windows-amd64 JRE (11.0.12+7-b1504.28), built on Sep  3 2021 08:39:15 by "" with MS VC++ 14.0 (VS2015)

END.
